#
# There is insufficient memory for the Java Runtime Environment to continue.
# Native memory allocation (mmap) failed to map 60817408 bytes for G1 virtual space
# Possible reasons:
#   The system is out of physical RAM or swap space
#   The process is running with CompressedOops enabled, and the Java Heap may be blocking the growth of the native heap
# Possible solutions:
#   Reduce memory load on the system
#   Increase physical memory or swap space
#   Check if swap backing store is full
#   Decrease Java heap size (-Xmx/-Xms)
#   Decrease number of Java threads
#   Decrease Java thread stack sizes (-Xss)
#   Set larger code cache with -XX:ReservedCodeCacheSize=
#   JVM is running with Zero Based Compressed Oops mode in which the Java heap is
#     placed in the first 32GB address space. The Java Heap base address is the
#     maximum limit for the native heap growth. Please use -XX:HeapBaseMinAddress
#     to set the Java Heap base and to place the Java Heap above 32GB virtual address.
# This output file may be truncated or incomplete.
#
#  Out of Memory Error (os_windows.cpp:3535), pid=7824, tid=12348
#
# JRE version: Java(TM) SE Runtime Environment (17.0.4.1+1) (build 17.0.4.1+1-LTS-2)
# Java VM: Java HotSpot(TM) 64-Bit Server VM (17.0.4.1+1-LTS-2, mixed mode, sharing, tiered, compressed oops, compressed class ptrs, g1 gc, windows-amd64)
# No core dump will be written. Minidumps are not enabled by default on client versions of Windows
#

---------------  S U M M A R Y ------------

Command Line: -Dfile.encoding=UTF-8 --module-path=C:\Users\admin\Desktop\genetica\build\classes meta_inicio.MetaheuristicasInicio config.txt config2.txt

Host: Intel(R) Core(TM) i7-8700 CPU @ 3.20GHz, 12 cores, 15G,  Windows 10 , 64 bit Build 19041 (10.0.19041.1889)
Time: Thu Nov 10 12:45:25 2022 Hora estándar romance elapsed time: 0.696886 seconds (0d 0h 0m 0s)

---------------  T H R E A D  ---------------

Current thread (0x000001497f074250):  VMThread "VM Thread" [stack: 0x00000003c0a00000,0x00000003c0b00000] [id=12348]

Stack: [0x00000003c0a00000,0x00000003c0b00000]
Native frames: (J=compiled Java code, j=interpreted, Vv=VM code, C=native code)
V  [jvm.dll+0x6723ba]
V  [jvm.dll+0x7d1e34]
V  [jvm.dll+0x7d35de]
V  [jvm.dll+0x7d3c43]
V  [jvm.dll+0x243065]
V  [jvm.dll+0x66f2d9]
V  [jvm.dll+0x663c22]
V  [jvm.dll+0x3011cb]
V  [jvm.dll+0x308766]
V  [jvm.dll+0x35846e]
V  [jvm.dll+0x35869f]
V  [jvm.dll+0x2d83e8]
V  [jvm.dll+0x2db466]
V  [jvm.dll+0x2e5ab8]
V  [jvm.dll+0x319940]
V  [jvm.dll+0x7d811b]
V  [jvm.dll+0x7d8e54]
V  [jvm.dll+0x7d936c]
V  [jvm.dll+0x7d9744]
V  [jvm.dll+0x7d9810]
V  [jvm.dll+0x781fca]
V  [jvm.dll+0x671245]
C  [ucrtbase.dll+0x21bb2]
C  [KERNEL32.DLL+0x17034]
C  [ntdll.dll+0x526a1]

VM_Operation (0x00000003c06ff6c0): G1Concurrent, mode: safepoint, requested by thread 0x000001495df3a440


---------------  P R O C E S S  ---------------

Threads class SMR info:
_java_thread_list=0x000001497ff46760, length=17, elements={
0x000001495debbe20, 0x000001497f079d70, 0x000001497f07aaf0, 0x000001497f090500,
0x000001497f090dc0, 0x000001497f091680, 0x000001497f095440, 0x000001497f09e040,
0x000001497f0a1960, 0x000001497f0a2260, 0x000001497fcf7ce0, 0x000001497fcf4cc0,
0x000001497fcf7810, 0x000001497fcf5b30, 0x000001497fcf6000, 0x000001497fcf5190,
0x000001497fcf7340
}

Java Threads: ( => current thread )
  0x000001495debbe20 JavaThread "main" [_thread_blocked, id=1904, stack(0x00000003c0400000,0x00000003c0500000)]
  0x000001497f079d70 JavaThread "Reference Handler" daemon [_thread_blocked, id=3872, stack(0x00000003c0b00000,0x00000003c0c00000)]
  0x000001497f07aaf0 JavaThread "Finalizer" daemon [_thread_blocked, id=328, stack(0x00000003c0c00000,0x00000003c0d00000)]
  0x000001497f090500 JavaThread "Signal Dispatcher" daemon [_thread_blocked, id=10760, stack(0x00000003c0d00000,0x00000003c0e00000)]
  0x000001497f090dc0 JavaThread "Attach Listener" daemon [_thread_blocked, id=11224, stack(0x00000003c0e00000,0x00000003c0f00000)]
  0x000001497f091680 JavaThread "Service Thread" daemon [_thread_blocked, id=6824, stack(0x00000003c0f00000,0x00000003c1000000)]
  0x000001497f095440 JavaThread "Monitor Deflation Thread" daemon [_thread_blocked, id=6760, stack(0x00000003c1000000,0x00000003c1100000)]
  0x000001497f09e040 JavaThread "C2 CompilerThread0" daemon [_thread_blocked, id=11724, stack(0x00000003c1100000,0x00000003c1200000)]
  0x000001497f0a1960 JavaThread "C1 CompilerThread0" daemon [_thread_blocked, id=13116, stack(0x00000003c1200000,0x00000003c1300000)]
  0x000001497f0a2260 JavaThread "Sweeper thread" daemon [_thread_blocked, id=3576, stack(0x00000003c1300000,0x00000003c1400000)]
  0x000001497fcf7ce0 JavaThread "Common-Cleaner" daemon [_thread_blocked, id=2888, stack(0x00000003c1400000,0x00000003c1500000)]
  0x000001497fcf4cc0 JavaThread "Notification Thread" daemon [_thread_blocked, id=8800, stack(0x00000003c1500000,0x00000003c1600000)]
  0x000001497fcf7810 JavaThread "pool-1-thread-1" [_thread_blocked, id=2352, stack(0x00000003c1700000,0x00000003c1800000)]
  0x000001497fcf5b30 JavaThread "pool-1-thread-2" [_thread_blocked, id=4212, stack(0x00000003c1800000,0x00000003c1900000)]
  0x000001497fcf6000 JavaThread "pool-1-thread-3" [_thread_blocked, id=8780, stack(0x00000003c1900000,0x00000003c1a00000)]
  0x000001497fcf5190 JavaThread "pool-1-thread-4" [_thread_blocked, id=1772, stack(0x00000003c1a00000,0x00000003c1b00000)]
  0x000001497fcf7340 JavaThread "pool-1-thread-5" [_thread_blocked, id=12916, stack(0x00000003c1b00000,0x00000003c1c00000)]

Other Threads:
=>0x000001497f074250 VMThread "VM Thread" [stack: 0x00000003c0a00000,0x00000003c0b00000] [id=12348]
  0x000001495df49d90 WatcherThread [stack: 0x00000003c1600000,0x00000003c1700000] [id=7568]
  0x000001495df28720 GCTaskThread "GC Thread#0" [stack: 0x00000003c0500000,0x00000003c0600000] [id=3712]
  0x000001497ffc1830 GCTaskThread "GC Thread#1" [stack: 0x00000003c2600000,0x00000003c2700000] [id=6192]
  0x000001497ffc22f0 GCTaskThread "GC Thread#2" [stack: 0x00000003c2700000,0x00000003c2800000] [id=12960]
  0x000001497ffc25a0 GCTaskThread "GC Thread#3" [stack: 0x00000003c2800000,0x00000003c2900000] [id=3724]
  0x000001497ffc6860 GCTaskThread "GC Thread#4" [stack: 0x00000003c2900000,0x00000003c2a00000] [id=10672]
  0x000001497ffc6b10 GCTaskThread "GC Thread#5" [stack: 0x00000003c2a00000,0x00000003c2b00000] [id=11292]
  0x000001497ffcb9e0 GCTaskThread "GC Thread#6" [stack: 0x00000003c2b00000,0x00000003c2c00000] [id=5680]
  0x000001497ffcbc90 GCTaskThread "GC Thread#7" [stack: 0x00000003c2c00000,0x00000003c2d00000] [id=10832]
  0x000001497ffcc350 GCTaskThread "GC Thread#8" [stack: 0x00000003c2d00000,0x00000003c2e00000] [id=9400]
  0x000001497ffce350 GCTaskThread "GC Thread#9" [stack: 0x00000003c2e00000,0x00000003c2f00000] [id=1844]
  0x000001495df3a440 ConcurrentGCThread "G1 Main Marker" [stack: 0x00000003c0600000,0x00000003c0700000] [id=10428]
  0x000001495df3ad60 ConcurrentGCThread "G1 Conc#0" [stack: 0x00000003c0700000,0x00000003c0800000] [id=13284]
  0x000001497fffec90 ConcurrentGCThread "G1 Conc#1" [stack: 0x00000003c2f00000,0x00000003c3000000] [id=5284]
  0x000001497fffd470 ConcurrentGCThread "G1 Conc#2" [stack: 0x00000003c3000000,0x00000003c3100000] [id=2548]
  0x000001497ef334e0 ConcurrentGCThread "G1 Refine#0" [stack: 0x00000003c0800000,0x00000003c0900000] [id=2716]
  0x000001497ff46310 ConcurrentGCThread "G1 Refine#1" [stack: 0x00000003c1d00000,0x00000003c1e00000] [id=9424]
  0x000001497ff47360 ConcurrentGCThread "G1 Refine#2" [stack: 0x00000003c1e00000,0x00000003c1f00000] [id=11620]
  0x000001497ff47d70 ConcurrentGCThread "G1 Refine#3" [stack: 0x00000003c1f00000,0x00000003c2000000] [id=7100]
  0x000001497ff48770 ConcurrentGCThread "G1 Refine#4" [stack: 0x00000003c2000000,0x00000003c2100000] [id=2348]
  0x000001497ff48a50 ConcurrentGCThread "G1 Refine#5" [stack: 0x00000003c2100000,0x00000003c2200000] [id=7512]
  0x000001497ff49a70 ConcurrentGCThread "G1 Refine#6" [stack: 0x00000003c2200000,0x00000003c2300000] [id=8920]
  0x000001497ffa4790 ConcurrentGCThread "G1 Refine#7" [stack: 0x00000003c2300000,0x00000003c2400000] [id=1492]
  0x000001497ffa6e90 ConcurrentGCThread "G1 Refine#8" [stack: 0x00000003c2400000,0x00000003c2500000] [id=7508]
  0x000001497ffbb190 ConcurrentGCThread "G1 Refine#9" [stack: 0x00000003c2500000,0x00000003c2600000] [id=10808]
  0x000001497ef33e10 ConcurrentGCThread "G1 Service" [stack: 0x00000003c0900000,0x00000003c0a00000] [id=7540]

Threads with active compile tasks:
C2 CompilerThread0      737  332 %     4       meta_inicio.AlgEvolutivo::generarNuevaGeneracion @ 59 (117 bytes)

VM state: at safepoint (normal execution)

VM Mutex/Monitor currently owned by a thread:  ([mutex/lock_event])
[0x000001495deb73d0] Threads_lock - owner thread: 0x000001497f074250
[0x000001495deb7610] Heap_lock - owner thread: 0x000001495df3a440

Heap address: 0x0000000701400000, size: 4076 MB, Compressed Oops mode: Zero based, Oop shift amount: 3

CDS archive(s) mapped at: [0x0000000800000000-0x0000000800bc0000-0x0000000800bc0000), size 12320768, SharedBaseAddress: 0x0000000800000000, ArchiveRelocationMode: 0.
Compressed class space mapped at: 0x0000000800c00000-0x0000000840c00000, reserved size: 1073741824
Narrow klass base: 0x0000000800000000, Narrow klass shift: 0, Narrow klass range: 0x100000000

GC Precious Log:
 CPUs: 12 total, 12 available
 Memory: 16303M
 Large Page Support: Disabled
 NUMA Support: Disabled
 Compressed Oops: Enabled (Zero based)
 Heap Region Size: 2M
 Heap Min Capacity: 8M
 Heap Initial Capacity: 256M
 Heap Max Capacity: 4076M
 Pre-touch: Disabled
 Parallel Workers: 10
 Concurrent Workers: 3
 Concurrent Refinement Workers: 10
 Periodic GC: Disabled

Heap:
 garbage-first heap   total 299008K, used 214042K [0x0000000701400000, 0x0000000800000000)
  region size 2048K, 1 young (2048K), 1 survivors (2048K)
 Metaspace       used 802K, committed 1024K, reserved 1056768K
  class space    used 81K, committed 192K, reserved 1048576K

Heap Regions: E=young(eden), S=young(survivor), O=old, HS=humongous(starts), HC=humongous(continues), CS=collection set, F=free, OA=open archive, CA=closed archive, TAMS=top-at-mark-start (previous, next)
|   0|0x0000000701400000, 0x0000000701600000, 0x0000000701600000|100%|HS|  |TAMS 0x0000000701600000, 0x0000000701400000| Complete 
|   1|0x0000000701600000, 0x0000000701800000, 0x0000000701800000|100%|HC|  |TAMS 0x0000000701800000, 0x0000000701600000| Complete 
|   2|0x0000000701800000, 0x0000000701a00000, 0x0000000701a00000|100%|HC|  |TAMS 0x0000000701a00000, 0x0000000701800000| Complete 
|   3|0x0000000701a00000, 0x0000000701c00000, 0x0000000701c00000|100%|HC|  |TAMS 0x0000000701c00000, 0x0000000701a00000| Complete 
|   4|0x0000000701c00000, 0x0000000701e00000, 0x0000000701e00000|100%|HC|  |TAMS 0x0000000701e00000, 0x0000000701c00000| Complete 
|   5|0x0000000701e00000, 0x0000000702000000, 0x0000000702000000|100%|HC|  |TAMS 0x0000000702000000, 0x0000000701e00000| Complete 
|   6|0x0000000702000000, 0x0000000702200000, 0x0000000702200000|100%|HC|  |TAMS 0x0000000702200000, 0x0000000702000000| Complete 
|   7|0x0000000702200000, 0x0000000702400000, 0x0000000702400000|100%|HC|  |TAMS 0x0000000702400000, 0x0000000702200000| Complete 
|   8|0x0000000702400000, 0x0000000702600000, 0x0000000702600000|100%|HS|  |TAMS 0x0000000702600000, 0x0000000702400000| Complete 
|   9|0x0000000702600000, 0x0000000702800000, 0x0000000702800000|100%|HC|  |TAMS 0x0000000702800000, 0x0000000702600000| Complete 
|  10|0x0000000702800000, 0x0000000702a00000, 0x0000000702a00000|100%|HC|  |TAMS 0x0000000702a00000, 0x0000000702800000| Complete 
|  11|0x0000000702a00000, 0x0000000702c00000, 0x0000000702c00000|100%|HC|  |TAMS 0x0000000702c00000, 0x0000000702a00000| Complete 
|  12|0x0000000702c00000, 0x0000000702e00000, 0x0000000702e00000|100%|HC|  |TAMS 0x0000000702e00000, 0x0000000702c00000| Complete 
|  13|0x0000000702e00000, 0x0000000703000000, 0x0000000703000000|100%|HC|  |TAMS 0x0000000703000000, 0x0000000702e00000| Complete 
|  14|0x0000000703000000, 0x0000000703200000, 0x0000000703200000|100%|HC|  |TAMS 0x0000000703200000, 0x0000000703000000| Complete 
|  15|0x0000000703200000, 0x0000000703400000, 0x0000000703400000|100%|HC|  |TAMS 0x0000000703400000, 0x0000000703200000| Complete 
|  16|0x0000000703400000, 0x0000000703600000, 0x0000000703600000|100%|HC|  |TAMS 0x0000000703600000, 0x0000000703400000| Complete 
|  17|0x0000000703600000, 0x0000000703800000, 0x0000000703800000|100%|HC|  |TAMS 0x0000000703800000, 0x0000000703600000| Complete 
|  18|0x0000000703800000, 0x0000000703a00000, 0x0000000703a00000|100%|HC|  |TAMS 0x0000000703a00000, 0x0000000703800000| Complete 
|  19|0x0000000703a00000, 0x0000000703c00000, 0x0000000703c00000|100%|HC|  |TAMS 0x0000000703c00000, 0x0000000703a00000| Complete 
|  20|0x0000000703c00000, 0x0000000703e00000, 0x0000000703e00000|100%|HS|  |TAMS 0x0000000703e00000, 0x0000000703c00000| Complete 
|  21|0x0000000703e00000, 0x0000000704000000, 0x0000000704000000|100%|HC|  |TAMS 0x0000000704000000, 0x0000000703e00000| Complete 
|  22|0x0000000704000000, 0x0000000704200000, 0x0000000704200000|100%|HC|  |TAMS 0x0000000704200000, 0x0000000704000000| Complete 
|  23|0x0000000704200000, 0x0000000704400000, 0x0000000704400000|100%|HC|  |TAMS 0x0000000704400000, 0x0000000704200000| Complete 
|  24|0x0000000704400000, 0x0000000704600000, 0x0000000704600000|100%|HC|  |TAMS 0x0000000704600000, 0x0000000704400000| Complete 
|  25|0x0000000704600000, 0x0000000704800000, 0x0000000704800000|100%|HC|  |TAMS 0x0000000704800000, 0x0000000704600000| Complete 
|  26|0x0000000704800000, 0x0000000704a00000, 0x0000000704a00000|100%|HC|  |TAMS 0x0000000704a00000, 0x0000000704800000| Complete 
|  27|0x0000000704a00000, 0x0000000704c00000, 0x0000000704c00000|100%|HC|  |TAMS 0x0000000704c00000, 0x0000000704a00000| Complete 
|  28|0x0000000704c00000, 0x0000000704e00000, 0x0000000704e00000|100%|HS|  |TAMS 0x0000000704e00000, 0x0000000704c00000| Complete 
|  29|0x0000000704e00000, 0x0000000705000000, 0x0000000705000000|100%|HC|  |TAMS 0x0000000705000000, 0x0000000704e00000| Complete 
|  30|0x0000000705000000, 0x0000000705200000, 0x0000000705200000|100%|HC|  |TAMS 0x0000000705200000, 0x0000000705000000| Complete 
|  31|0x0000000705200000, 0x0000000705400000, 0x0000000705400000|100%|HC|  |TAMS 0x0000000705400000, 0x0000000705200000| Complete 
|  32|0x0000000705400000, 0x0000000705600000, 0x0000000705600000|100%|HC|  |TAMS 0x0000000705600000, 0x0000000705400000| Complete 
|  33|0x0000000705600000, 0x0000000705800000, 0x0000000705800000|100%|HC|  |TAMS 0x0000000705800000, 0x0000000705600000| Complete 
|  34|0x0000000705800000, 0x0000000705a00000, 0x0000000705a00000|100%|HC|  |TAMS 0x0000000705a00000, 0x0000000705800000| Complete 
|  35|0x0000000705a00000, 0x0000000705c00000, 0x0000000705c00000|100%|HC|  |TAMS 0x0000000705c00000, 0x0000000705a00000| Complete 
|  36|0x0000000705c00000, 0x0000000705e00000, 0x0000000705e00000|100%|HS|  |TAMS 0x0000000705c00000, 0x0000000705c00000| Complete 
|  37|0x0000000705e00000, 0x0000000706000000, 0x0000000706000000|100%|HC|  |TAMS 0x0000000705e00000, 0x0000000705e00000| Complete 
|  38|0x0000000706000000, 0x0000000706200000, 0x0000000706200000|100%|HC|  |TAMS 0x0000000706000000, 0x0000000706000000| Complete 
|  39|0x0000000706200000, 0x0000000706400000, 0x0000000706400000|100%|HC|  |TAMS 0x0000000706200000, 0x0000000706200000| Complete 
|  40|0x0000000706400000, 0x0000000706600000, 0x0000000706600000|100%|HC|  |TAMS 0x0000000706400000, 0x0000000706400000| Complete 
|  41|0x0000000706600000, 0x0000000706800000, 0x0000000706800000|100%|HC|  |TAMS 0x0000000706600000, 0x0000000706600000| Complete 
|  42|0x0000000706800000, 0x0000000706a00000, 0x0000000706a00000|100%|HC|  |TAMS 0x0000000706800000, 0x0000000706800000| Complete 
|  43|0x0000000706a00000, 0x0000000706c00000, 0x0000000706c00000|100%|HC|  |TAMS 0x0000000706a00000, 0x0000000706a00000| Complete 
|  44|0x0000000706c00000, 0x0000000706e00000, 0x0000000706e00000|100%|HS|  |TAMS 0x0000000706c00000, 0x0000000706c00000| Complete 
|  45|0x0000000706e00000, 0x0000000707000000, 0x0000000707000000|100%|HC|  |TAMS 0x0000000706e00000, 0x0000000706e00000| Complete 
|  46|0x0000000707000000, 0x0000000707200000, 0x0000000707200000|100%|HC|  |TAMS 0x0000000707000000, 0x0000000707000000| Complete 
|  47|0x0000000707200000, 0x0000000707400000, 0x0000000707400000|100%|HC|  |TAMS 0x0000000707200000, 0x0000000707200000| Complete 
|  48|0x0000000707400000, 0x0000000707600000, 0x0000000707600000|100%|HC|  |TAMS 0x0000000707400000, 0x0000000707400000| Complete 
|  49|0x0000000707600000, 0x0000000707800000, 0x0000000707800000|100%|HC|  |TAMS 0x0000000707600000, 0x0000000707600000| Complete 
|  50|0x0000000707800000, 0x0000000707a00000, 0x0000000707a00000|100%|HC|  |TAMS 0x0000000707800000, 0x0000000707800000| Complete 
|  51|0x0000000707a00000, 0x0000000707c00000, 0x0000000707c00000|100%|HC|  |TAMS 0x0000000707a00000, 0x0000000707a00000| Complete 
|  52|0x0000000707c00000, 0x0000000707e00000, 0x0000000707e00000|100%|HC|  |TAMS 0x0000000707c00000, 0x0000000707c00000| Complete 
|  53|0x0000000707e00000, 0x0000000708000000, 0x0000000708000000|100%|HC|  |TAMS 0x0000000707e00000, 0x0000000707e00000| Complete 
|  54|0x0000000708000000, 0x0000000708200000, 0x0000000708200000|100%|HC|  |TAMS 0x0000000708000000, 0x0000000708000000| Complete 
|  55|0x0000000708200000, 0x0000000708400000, 0x0000000708400000|100%|HC|  |TAMS 0x0000000708200000, 0x0000000708200000| Complete 
|  56|0x0000000708400000, 0x0000000708400000, 0x0000000708600000|  0%| F|  |TAMS 0x0000000708400000, 0x0000000708400000| Untracked 
|  57|0x0000000708600000, 0x0000000708600000, 0x0000000708800000|  0%| F|  |TAMS 0x0000000708600000, 0x0000000708600000| Untracked 
|  58|0x0000000708800000, 0x0000000708800000, 0x0000000708a00000|  0%| F|  |TAMS 0x0000000708800000, 0x0000000708800000| Untracked 
|  59|0x0000000708a00000, 0x0000000708a00000, 0x0000000708c00000|  0%| F|  |TAMS 0x0000000708a00000, 0x0000000708a00000| Untracked 
|  60|0x0000000708c00000, 0x0000000708c00000, 0x0000000708e00000|  0%| F|  |TAMS 0x0000000708c00000, 0x0000000708c00000| Untracked 
|  61|0x0000000708e00000, 0x0000000708e00000, 0x0000000709000000|  0%| F|  |TAMS 0x0000000708e00000, 0x0000000708e00000| Untracked 
|  62|0x0000000709000000, 0x0000000709000000, 0x0000000709200000|  0%| F|  |TAMS 0x0000000709000000, 0x0000000709000000| Untracked 
|  63|0x0000000709200000, 0x0000000709200000, 0x0000000709400000|  0%| F|  |TAMS 0x0000000709200000, 0x0000000709200000| Untracked 
|  64|0x0000000709400000, 0x0000000709400000, 0x0000000709600000|  0%| F|  |TAMS 0x0000000709400000, 0x0000000709400000| Untracked 
|  65|0x0000000709600000, 0x0000000709600000, 0x0000000709800000|  0%| F|  |TAMS 0x0000000709600000, 0x0000000709600000| Untracked 
|  66|0x0000000709800000, 0x0000000709800000, 0x0000000709a00000|  0%| F|  |TAMS 0x0000000709800000, 0x0000000709800000| Untracked 
|  67|0x0000000709a00000, 0x0000000709a00000, 0x0000000709c00000|  0%| F|  |TAMS 0x0000000709a00000, 0x0000000709a00000| Untracked 
|  68|0x0000000709c00000, 0x0000000709c00000, 0x0000000709e00000|  0%| F|  |TAMS 0x0000000709c00000, 0x0000000709c00000| Untracked 
|  69|0x0000000709e00000, 0x0000000709e00000, 0x000000070a000000|  0%| F|  |TAMS 0x0000000709e00000, 0x0000000709e00000| Untracked 
|  70|0x000000070a000000, 0x000000070a000000, 0x000000070a200000|  0%| F|  |TAMS 0x000000070a000000, 0x000000070a000000| Untracked 
|  71|0x000000070a200000, 0x000000070a200000, 0x000000070a400000|  0%| F|  |TAMS 0x000000070a200000, 0x000000070a200000| Untracked 
|  72|0x000000070a400000, 0x000000070a400000, 0x000000070a600000|  0%| F|  |TAMS 0x000000070a400000, 0x000000070a400000| Untracked 
|  73|0x000000070a600000, 0x000000070a600000, 0x000000070a800000|  0%| F|  |TAMS 0x000000070a600000, 0x000000070a600000| Untracked 
|  74|0x000000070a800000, 0x000000070a800000, 0x000000070aa00000|  0%| F|  |TAMS 0x000000070a800000, 0x000000070a800000| Untracked 
|  75|0x000000070aa00000, 0x000000070aa00000, 0x000000070ac00000|  0%| F|  |TAMS 0x000000070aa00000, 0x000000070aa00000| Untracked 
|  76|0x000000070ac00000, 0x000000070ac00000, 0x000000070ae00000|  0%| F|  |TAMS 0x000000070ac00000, 0x000000070ac00000| Untracked 
|  77|0x000000070ae00000, 0x000000070ae00000, 0x000000070b000000|  0%| F|  |TAMS 0x000000070ae00000, 0x000000070ae00000| Untracked 
|  78|0x000000070b000000, 0x000000070b000000, 0x000000070b200000|  0%| F|  |TAMS 0x000000070b000000, 0x000000070b000000| Untracked 
|  79|0x000000070b200000, 0x000000070b200000, 0x000000070b400000|  0%| F|  |TAMS 0x000000070b200000, 0x000000070b200000| Untracked 
|  80|0x000000070b400000, 0x000000070b400000, 0x000000070b600000|  0%| F|  |TAMS 0x000000070b400000, 0x000000070b400000| Untracked 
|  81|0x000000070b600000, 0x000000070b600000, 0x000000070b800000|  0%| F|  |TAMS 0x000000070b600000, 0x000000070b600000| Untracked 
|  82|0x000000070b800000, 0x000000070b800000, 0x000000070ba00000|  0%| F|  |TAMS 0x000000070b800000, 0x000000070b800000| Untracked 
|  83|0x000000070ba00000, 0x000000070ba00000, 0x000000070bc00000|  0%| F|  |TAMS 0x000000070ba00000, 0x000000070ba00000| Untracked 
|  84|0x000000070bc00000, 0x000000070bc00000, 0x000000070be00000|  0%| F|  |TAMS 0x000000070bc00000, 0x000000070bc00000| Untracked 
|  85|0x000000070be00000, 0x000000070be00000, 0x000000070c000000|  0%| F|  |TAMS 0x000000070be00000, 0x000000070be00000| Untracked 
|  86|0x000000070c000000, 0x000000070c000000, 0x000000070c200000|  0%| F|  |TAMS 0x000000070c000000, 0x000000070c000000| Untracked 
|  87|0x000000070c200000, 0x000000070c200000, 0x000000070c400000|  0%| F|  |TAMS 0x000000070c200000, 0x000000070c200000| Untracked 
|  88|0x000000070c400000, 0x000000070c400000, 0x000000070c600000|  0%| F|  |TAMS 0x000000070c400000, 0x000000070c400000| Untracked 
|  89|0x000000070c600000, 0x000000070c600000, 0x000000070c800000|  0%| F|  |TAMS 0x000000070c600000, 0x000000070c600000| Untracked 
|  90|0x000000070c800000, 0x000000070c800000, 0x000000070ca00000|  0%| F|  |TAMS 0x000000070c800000, 0x000000070c800000| Untracked 
|  91|0x000000070ca00000, 0x000000070ca00000, 0x000000070cc00000|  0%| F|  |TAMS 0x000000070ca00000, 0x000000070ca00000| Untracked 
|  92|0x000000070cc00000, 0x000000070ce00000, 0x000000070ce00000|100%|HS|  |TAMS 0x000000070ce00000, 0x000000070cc00000| Complete 
|  93|0x000000070ce00000, 0x000000070d000000, 0x000000070d000000|100%|HC|  |TAMS 0x000000070d000000, 0x000000070ce00000| Complete 
|  94|0x000000070d000000, 0x000000070d200000, 0x000000070d200000|100%|HC|  |TAMS 0x000000070d200000, 0x000000070d000000| Complete 
|  95|0x000000070d200000, 0x000000070d400000, 0x000000070d400000|100%|HC|  |TAMS 0x000000070d400000, 0x000000070d200000| Complete 
|  96|0x000000070d400000, 0x000000070d600000, 0x000000070d600000|100%|HC|  |TAMS 0x000000070d600000, 0x000000070d400000| Complete 
|  97|0x000000070d600000, 0x000000070d800000, 0x000000070d800000|100%|HC|  |TAMS 0x000000070d800000, 0x000000070d600000| Complete 
|  98|0x000000070d800000, 0x000000070da00000, 0x000000070da00000|100%|HS|  |TAMS 0x000000070d800000, 0x000000070d800000| Complete 
|  99|0x000000070da00000, 0x000000070dc00000, 0x000000070dc00000|100%|HC|  |TAMS 0x000000070da00000, 0x000000070da00000| Complete 
| 100|0x000000070dc00000, 0x000000070de00000, 0x000000070de00000|100%|HC|  |TAMS 0x000000070dc00000, 0x000000070dc00000| Complete 
| 101|0x000000070de00000, 0x000000070e000000, 0x000000070e000000|100%|HC|  |TAMS 0x000000070de00000, 0x000000070de00000| Complete 
| 102|0x000000070e000000, 0x000000070e200000, 0x000000070e200000|100%|HC|  |TAMS 0x000000070e000000, 0x000000070e000000| Complete 
| 103|0x000000070e200000, 0x000000070e400000, 0x000000070e400000|100%|HC|  |TAMS 0x000000070e200000, 0x000000070e200000| Complete 
| 104|0x000000070e400000, 0x000000070e600000, 0x000000070e600000|100%|HC|  |TAMS 0x000000070e400000, 0x000000070e400000| Complete 
| 105|0x000000070e600000, 0x000000070e800000, 0x000000070e800000|100%|HC|  |TAMS 0x000000070e600000, 0x000000070e600000| Complete 
| 106|0x000000070e800000, 0x000000070ea00000, 0x000000070ea00000|100%|HC|  |TAMS 0x000000070e800000, 0x000000070e800000| Complete 
| 107|0x000000070ea00000, 0x000000070ec00000, 0x000000070ec00000|100%|HC|  |TAMS 0x000000070ea00000, 0x000000070ea00000| Complete 
| 108|0x000000070ec00000, 0x000000070ee00000, 0x000000070ee00000|100%|HC|  |TAMS 0x000000070ec00000, 0x000000070ec00000| Complete 
| 109|0x000000070ee00000, 0x000000070f000000, 0x000000070f000000|100%|HC|  |TAMS 0x000000070ee00000, 0x000000070ee00000| Complete 
| 110|0x000000070f000000, 0x000000070f200000, 0x000000070f200000|100%|HS|  |TAMS 0x000000070f000000, 0x000000070f000000| Complete 
| 111|0x000000070f200000, 0x000000070f400000, 0x000000070f400000|100%|HC|  |TAMS 0x000000070f200000, 0x000000070f200000| Complete 
| 112|0x000000070f400000, 0x000000070f600000, 0x000000070f600000|100%|HC|  |TAMS 0x000000070f400000, 0x000000070f400000| Complete 
| 113|0x000000070f600000, 0x000000070f800000, 0x000000070f800000|100%|HC|  |TAMS 0x000000070f600000, 0x000000070f600000| Complete 
| 114|0x000000070f800000, 0x000000070fa00000, 0x000000070fa00000|100%|HC|  |TAMS 0x000000070f800000, 0x000000070f800000| Complete 
| 115|0x000000070fa00000, 0x000000070fc00000, 0x000000070fc00000|100%|HC|  |TAMS 0x000000070fa00000, 0x000000070fa00000| Complete 
| 116|0x000000070fc00000, 0x000000070fe00000, 0x000000070fe00000|100%|HC|  |TAMS 0x000000070fc00000, 0x000000070fc00000| Complete 
| 117|0x000000070fe00000, 0x0000000710000000, 0x0000000710000000|100%|HC|  |TAMS 0x000000070fe00000, 0x000000070fe00000| Complete 
| 118|0x0000000710000000, 0x0000000710200000, 0x0000000710200000|100%|HC|  |TAMS 0x0000000710000000, 0x0000000710000000| Complete 
| 119|0x0000000710200000, 0x0000000710400000, 0x0000000710400000|100%|HC|  |TAMS 0x0000000710200000, 0x0000000710200000| Complete 
| 120|0x0000000710400000, 0x0000000710600000, 0x0000000710600000|100%|HC|  |TAMS 0x0000000710400000, 0x0000000710400000| Complete 
| 121|0x0000000710600000, 0x0000000710800000, 0x0000000710800000|100%|HC|  |TAMS 0x0000000710600000, 0x0000000710600000| Complete 
| 122|0x0000000710800000, 0x0000000710800000, 0x0000000710a00000|  0%| F|  |TAMS 0x0000000710800000, 0x0000000710800000| Untracked 
| 123|0x0000000710a00000, 0x0000000710a00000, 0x0000000710c00000|  0%| F|  |TAMS 0x0000000710a00000, 0x0000000710a00000| Untracked 
| 124|0x0000000710c00000, 0x0000000710c00000, 0x0000000710e00000|  0%| F|  |TAMS 0x0000000710c00000, 0x0000000710c00000| Untracked 
| 125|0x0000000710e00000, 0x0000000710e00000, 0x0000000711000000|  0%| F|  |TAMS 0x0000000710e00000, 0x0000000710e00000| Untracked 
| 126|0x0000000711000000, 0x0000000711000000, 0x0000000711200000|  0%| F|  |TAMS 0x0000000711000000, 0x0000000711000000| Untracked 
| 127|0x0000000711200000, 0x0000000711306a18, 0x0000000711400000| 51%| S|CS|TAMS 0x0000000711200000, 0x0000000711200000| Complete 
| 128|0x0000000711400000, 0x0000000711600000, 0x0000000711600000|100%|HS|  |TAMS 0x0000000711400000, 0x0000000711400000| Complete 
| 129|0x0000000711600000, 0x0000000711800000, 0x0000000711800000|100%|HC|  |TAMS 0x0000000711600000, 0x0000000711600000| Complete 
| 130|0x0000000711800000, 0x0000000711a00000, 0x0000000711a00000|100%|HC|  |TAMS 0x0000000711800000, 0x0000000711800000| Complete 
| 131|0x0000000711a00000, 0x0000000711c00000, 0x0000000711c00000|100%|HC|  |TAMS 0x0000000711a00000, 0x0000000711a00000| Complete 
| 132|0x0000000711c00000, 0x0000000711e00000, 0x0000000711e00000|100%|HC|  |TAMS 0x0000000711c00000, 0x0000000711c00000| Complete 
| 133|0x0000000711e00000, 0x0000000712000000, 0x0000000712000000|100%|HC|  |TAMS 0x0000000711e00000, 0x0000000711e00000| Complete 
| 134|0x0000000712000000, 0x0000000712200000, 0x0000000712200000|100%|HC|  |TAMS 0x0000000712000000, 0x0000000712000000| Complete 
| 135|0x0000000712200000, 0x0000000712400000, 0x0000000712400000|100%|HC|  |TAMS 0x0000000712200000, 0x0000000712200000| Complete 
| 136|0x0000000712400000, 0x0000000712600000, 0x0000000712600000|100%|HC|  |TAMS 0x0000000712400000, 0x0000000712400000| Complete 
| 137|0x0000000712600000, 0x0000000712800000, 0x0000000712800000|100%|HC|  |TAMS 0x0000000712600000, 0x0000000712600000| Complete 
| 138|0x0000000712800000, 0x0000000712a00000, 0x0000000712a00000|100%|HC|  |TAMS 0x0000000712800000, 0x0000000712800000| Complete 
| 139|0x0000000712a00000, 0x0000000712c00000, 0x0000000712c00000|100%|HC|  |TAMS 0x0000000712a00000, 0x0000000712a00000| Complete 
| 140|0x0000000712c00000, 0x0000000712e00000, 0x0000000712e00000|100%|HC|  |TAMS 0x0000000712c00000, 0x0000000712c00000| Complete 
| 141|0x0000000712e00000, 0x0000000713000000, 0x0000000713000000|100%|HC|  |TAMS 0x0000000712e00000, 0x0000000712e00000| Complete 
| 142|0x0000000713000000, 0x0000000713200000, 0x0000000713200000|100%|HC|  |TAMS 0x0000000713000000, 0x0000000713000000| Complete 
| 143|0x0000000713200000, 0x0000000713400000, 0x0000000713400000|100%|HC|  |TAMS 0x0000000713200000, 0x0000000713200000| Complete 
| 144|0x0000000713400000, 0x0000000713600000, 0x0000000713600000|100%|HC|  |TAMS 0x0000000713400000, 0x0000000713400000| Complete 
| 145|0x0000000713600000, 0x0000000713800000, 0x0000000713800000|100%|HC|  |TAMS 0x0000000713600000, 0x0000000713600000| Complete 

Card table byte_map: [0x00000149773d0000,0x0000014977bd0000] _byte_map_base: 0x0000014973bc6000

Marking Bits (Prev, Next): (CMBitMap*) 0x000001495df29c90, (CMBitMap*) 0x000001495df29c50
 Prev Bits: [0x0000014900000000, 0x0000014903fb0000)
 Next Bits: [0x00000149783d0000, 0x000001497c380000)

Polling page: 0x000001495dbd0000

Metaspace:

Usage:
  Non-class:    720.56 KB used.
      Class:     81.51 KB used.
       Both:    802.07 KB used.

Virtual space:
  Non-class space:        8.00 MB reserved,     832.00 KB ( 10%) committed,  1 nodes.
      Class space:        1.00 GB reserved,     192.00 KB ( <1%) committed,  1 nodes.
             Both:        1.01 GB reserved,       1.00 MB ( <1%) committed. 

Chunk freelists:
   Non-Class:  3.85 MB
       Class:  3.69 MB
        Both:  7.53 MB

MaxMetaspaceSize: unlimited
CompressedClassSpaceSize: 1.00 GB
Initial GC threshold: 21.00 MB
Current GC threshold: 21.00 MB
CDS: on
MetaspaceReclaimPolicy: balanced
 - commit_granule_bytes: 65536.
 - commit_granule_words: 8192.
 - virtual_space_node_default_size: 1048576.
 - enlarge_chunks_in_place: 1.
 - new_chunks_are_fully_committed: 0.
 - uncommit_free_chunks: 1.
 - use_allocation_guard: 0.
 - handle_deallocations: 1.


Internal statistics:

num_allocs_failed_limit: 0.
num_arena_births: 106.
num_arena_deaths: 0.
num_vsnodes_births: 2.
num_vsnodes_deaths: 0.
num_space_committed: 16.
num_space_uncommitted: 0.
num_chunks_returned_to_freelist: 0.
num_chunks_taken_from_freelist: 142.
num_chunk_merges: 0.
num_chunk_splits: 82.
num_chunks_enlarged: 28.
num_purges: 0.
num_inconsistent_stats: 0.

CodeHeap 'non-profiled nmethods': size=120000Kb used=137Kb max_used=137Kb free=119863Kb
 bounds [0x000001496ea20000, 0x000001496ec90000, 0x0000014975f50000]
CodeHeap 'profiled nmethods': size=120000Kb used=376Kb max_used=376Kb free=119623Kb
 bounds [0x00000149674f0000, 0x0000014967760000, 0x000001496ea20000]
CodeHeap 'non-nmethods': size=5760Kb used=1118Kb max_used=1137Kb free=4641Kb
 bounds [0x0000014966f50000, 0x00000149671c0000, 0x00000149674f0000]
 total_blobs=728 nmethods=330 adapters=311
 compilation: enabled
              stopped_count=0, restarted_count=0
 full_count=0

Compilation events (20 events):
Event: 0.102 Thread 0x000001497f0a1960 nmethod 291 0x000001496ea3e510 code [0x000001496ea3e6a0, 0x000001496ea3e778]
Event: 0.102 Thread 0x000001497f0a1960  304       1       jdk.internal.org.objectweb.asm.SymbolTable::getMajorVersion (5 bytes)
Event: 0.102 Thread 0x000001497f0a1960 nmethod 304 0x000001496ea3e810 code [0x000001496ea3e9a0, 0x000001496ea3ea78]
Event: 0.102 Thread 0x000001497f0a1960  281       1       java.lang.invoke.MethodHandles$Lookup::lookupClass (5 bytes)
Event: 0.103 Thread 0x000001497f0a1960 nmethod 281 0x000001496ea3eb10 code [0x000001496ea3eca0, 0x000001496ea3ed78]
Event: 0.103 Thread 0x000001497ff37b30 nmethod 320 0x000001496ea3ee10 code [0x000001496ea3ef80, 0x000001496ea3f038]
Event: 0.103 Thread 0x000001497ff37b30  325       4       java.util.Random::nextInt (74 bytes)
Event: 0.104 Thread 0x000001497ff37b30 nmethod 325 0x000001496ea3f110 code [0x000001496ea3f2a0, 0x000001496ea3f458]
Event: 0.104 Thread 0x000001497ff37b30  323       4       meta_inicio.AlgEvolutivo::evalua (31 bytes)
Event: 0.104 Thread 0x000001497ff37b30 nmethod 323 0x000001496ea3f610 code [0x000001496ea3f7a0, 0x000001496ea3f858]
Event: 0.108 Thread 0x000001497f09e040 nmethod 322 0x000001496ea3f910 code [0x000001496ea3fb00, 0x000001496ea40328]
Event: 0.112 Thread 0x000001497f0a1960  328 %     3       meta_inicio.AlgEvolutivo::generarNuevaGeneracion @ 59 (117 bytes)
Event: 0.113 Thread 0x000001497f0a1960 nmethod 328% 0x0000014967548c90 code [0x0000014967548f60, 0x000001496754a228]
Event: 0.113 Thread 0x000001497f0a1960  329       3       meta_inicio.AlgEvolutivo::generarNuevaGeneracion (117 bytes)
Event: 0.113 Thread 0x000001497f0a1960 nmethod 329 0x000001496754a990 code [0x000001496754ac60, 0x000001496754bd28]
Event: 0.115 Thread 0x000001497ff37b30  330 %     4       meta_inicio.AlgEvolutivo::generarNuevaGeneracion @ 59 (117 bytes)
Event: 0.127 Thread 0x000001497ff37b30 nmethod 330% 0x000001496ea40a10 code [0x000001496ea40c00, 0x000001496ea41ae8]
Event: 0.631 Thread 0x000001497f0a1960  331 %     3       meta_inicio.AlgEvolutivo::generarNuevaGeneracion @ 59 (117 bytes)
Event: 0.633 Thread 0x000001497f0a1960 nmethod 331% 0x000001496754c410 code [0x000001496754c6e0, 0x000001496754d9a8]
Event: 0.634 Thread 0x000001497f09e040  332 %     4       meta_inicio.AlgEvolutivo::generarNuevaGeneracion @ 59 (117 bytes)

GC Heap History (8 events):
Event: 0.171 GC heap before
{Heap before GC invocations=0 (full 0):
 garbage-first heap   total 262144K, used 131072K [0x0000000701400000, 0x0000000800000000)
  region size 2048K, 10 young (20480K), 0 survivors (0K)
 Metaspace       used 801K, committed 1024K, reserved 1056768K
  class space    used 81K, committed 192K, reserved 1048576K
}
Event: 0.218 GC heap after
{Heap after GC invocations=1 (full 0):
 garbage-first heap   total 262144K, used 115832K [0x0000000701400000, 0x0000000800000000)
  region size 2048K, 1 young (2048K), 1 survivors (2048K)
 Metaspace       used 801K, committed 1024K, reserved 1056768K
  class space    used 81K, committed 192K, reserved 1048576K
}
Event: 0.240 GC heap before
{Heap before GC invocations=1 (full 0):
 garbage-first heap   total 262144K, used 124024K [0x0000000701400000, 0x0000000800000000)
  region size 2048K, 1 young (2048K), 1 survivors (2048K)
 Metaspace       used 802K, committed 1024K, reserved 1056768K
  class space    used 81K, committed 192K, reserved 1048576K
}
Event: 0.286 GC heap after
{Heap after GC invocations=2 (full 0):
 garbage-first heap   total 262144K, used 123938K [0x0000000701400000, 0x0000000800000000)
  region size 2048K, 1 young (2048K), 1 survivors (2048K)
 Metaspace       used 802K, committed 1024K, reserved 1056768K
  class space    used 81K, committed 192K, reserved 1048576K
}
Event: 0.360 GC heap before
{Heap before GC invocations=3 (full 0):
 garbage-first heap   total 262144K, used 119842K [0x0000000701400000, 0x0000000800000000)
  region size 2048K, 1 young (2048K), 1 survivors (2048K)
 Metaspace       used 802K, committed 1024K, reserved 1056768K
  class space    used 81K, committed 192K, reserved 1048576K
}
Event: 0.413 GC heap after
{Heap after GC invocations=4 (full 0):
 garbage-first heap   total 262144K, used 119814K [0x0000000701400000, 0x0000000800000000)
  region size 2048K, 1 young (2048K), 1 survivors (2048K)
 Metaspace       used 802K, committed 1024K, reserved 1056768K
  class space    used 81K, committed 192K, reserved 1048576K
}
Event: 0.495 GC heap before
{Heap before GC invocations=5 (full 0):
 garbage-first heap   total 262144K, used 140294K [0x0000000701400000, 0x0000000800000000)
  region size 2048K, 1 young (2048K), 1 survivors (2048K)
 Metaspace       used 802K, committed 1024K, reserved 1056768K
  class space    used 81K, committed 192K, reserved 1048576K
}
Event: 0.558 GC heap after
{Heap after GC invocations=6 (full 0):
 garbage-first heap   total 262144K, used 140314K [0x0000000701400000, 0x0000000800000000)
  region size 2048K, 1 young (2048K), 1 survivors (2048K)
 Metaspace       used 802K, committed 1024K, reserved 1056768K
  class space    used 81K, committed 192K, reserved 1048576K
}

Deoptimization events (14 events):
Event: 0.127 Thread 0x000001497fcf6000 DEOPT PACKING pc=0x000001496754a024 sp=0x00000003c19fedc0
Event: 0.127 Thread 0x000001497fcf7810 DEOPT PACKING pc=0x000001496754a024 sp=0x00000003c17ff210
Event: 0.127 Thread 0x000001497fcf5b30 DEOPT PACKING pc=0x000001496754a024 sp=0x00000003c18fee60
Event: 0.127 Thread 0x000001497fcf7810 DEOPT UNPACKING pc=0x0000014966fa2b43 sp=0x00000003c17fe768 mode 0
Event: 0.127 Thread 0x000001497fcf6000 DEOPT UNPACKING pc=0x0000014966fa2b43 sp=0x00000003c19fe318 mode 0
Event: 0.127 Thread 0x000001497fcf5b30 DEOPT UNPACKING pc=0x0000014966fa2b43 sp=0x00000003c18fe3b8 mode 0
Event: 0.128 Thread 0x000001497fcf7340 DEOPT PACKING pc=0x000001496754a024 sp=0x00000003c1bfedb0
Event: 0.128 Thread 0x000001497fcf7340 DEOPT UNPACKING pc=0x0000014966fa2b43 sp=0x00000003c1bfe308 mode 0
Event: 0.130 Thread 0x000001497fcf5190 DEOPT PACKING pc=0x000001496754a024 sp=0x00000003c1afee40
Event: 0.130 Thread 0x000001497fcf5190 DEOPT UNPACKING pc=0x0000014966fa2b43 sp=0x00000003c1afe398 mode 0
Event: 0.631 Thread 0x000001497fcf6000 Uncommon trap: trap_request=0xffffff45 fr.pc=0x000001496ea41790 relative=0x0000000000000b90
Event: 0.631 Thread 0x000001497fcf6000 Uncommon trap: reason=unstable_if action=reinterpret pc=0x000001496ea41790 method=java.util.Random.nextInt(I)I @ 58 c2
Event: 0.631 Thread 0x000001497fcf6000 DEOPT PACKING pc=0x000001496ea41790 sp=0x00000003c19fee50
Event: 0.631 Thread 0x000001497fcf6000 DEOPT UNPACKING pc=0x0000014966fa23a3 sp=0x00000003c19fed20 mode 2

Classes unloaded (0 events):
No events

Classes redefined (0 events):
No events

Internal exceptions (4 events):
Event: 0.045 Thread 0x000001495debbe20 Exception <a 'sun/nio/fs/WindowsException'{0x0000000711325710}> (0x0000000711325710) 
thrown [s\open\src\hotspot\share\prims\jni.cpp, line 516]
Event: 0.045 Thread 0x000001495debbe20 Exception <a 'sun/nio/fs/WindowsException'{0x0000000711325bc0}> (0x0000000711325bc0) 
thrown [s\open\src\hotspot\share\prims\jni.cpp, line 516]
Event: 0.046 Thread 0x000001495debbe20 Exception <a 'sun/nio/fs/WindowsException'{0x0000000711327bc8}> (0x0000000711327bc8) 
thrown [s\open\src\hotspot\share\prims\jni.cpp, line 516]
Event: 0.073 Thread 0x000001495debbe20 Exception <a 'java/lang/NoSuchMethodError'{0x000000071108b478}: 'java.lang.Object java.lang.invoke.DirectMethodHandle$Holder.invokeSpecial(java.lang.Object, java.lang.Object, java.lang.Object, double)'> (0x000000071108b478) 
thrown [s\open\src\hotspot\share\interpreter\linkResolver.cpp, line 759]

VM Operations (19 events):
Event: 0.047 Executing VM operation: HandshakeAllThreads
Event: 0.047 Executing VM operation: HandshakeAllThreads done
Event: 0.166 Executing VM operation: G1TryInitiateConcMark
Event: 0.219 Executing VM operation: G1TryInitiateConcMark done
Event: 0.240 Executing VM operation: G1TryInitiateConcMark
Event: 0.286 Executing VM operation: G1TryInitiateConcMark done
Event: 0.327 Executing VM operation: G1Concurrent
Event: 0.336 Executing VM operation: G1Concurrent done
Event: 0.336 Executing VM operation: G1Concurrent
Event: 0.351 Executing VM operation: G1Concurrent done
Event: 0.360 Executing VM operation: G1TryInitiateConcMark
Event: 0.413 Executing VM operation: G1TryInitiateConcMark done
Event: 0.461 Executing VM operation: G1Concurrent
Event: 0.478 Executing VM operation: G1Concurrent done
Event: 0.478 Executing VM operation: G1Concurrent
Event: 0.485 Executing VM operation: G1Concurrent done
Event: 0.495 Executing VM operation: G1TryInitiateConcMark
Event: 0.558 Executing VM operation: G1TryInitiateConcMark done
Event: 0.638 Executing VM operation: G1Concurrent

Events (20 events):
Event: 0.075 loading class java/util/concurrent/ThreadPoolExecutor$Worker done
Event: 0.075 loading class java/lang/Thread$State
Event: 0.075 loading class java/lang/Thread$State done
Event: 0.076 Thread 0x000001497fcf7810 Thread added: 0x000001497fcf7810
Event: 0.076 Thread 0x000001497fcf5b30 Thread added: 0x000001497fcf5b30
Event: 0.076 Thread 0x000001497fcf6000 Thread added: 0x000001497fcf6000
Event: 0.076 Thread 0x000001497fcf5190 Thread added: 0x000001497fcf5190
Event: 0.076 Thread 0x000001497fcf7340 Thread added: 0x000001497fcf7340
Event: 0.076 loading class java/util/concurrent/locks/AbstractQueuedSynchronizer$SharedNode
Event: 0.076 loading class java/util/concurrent/locks/AbstractQueuedSynchronizer$Node
Event: 0.076 loading class java/util/concurrent/locks/AbstractQueuedSynchronizer$Node done
Event: 0.076 loading class java/util/concurrent/locks/AbstractQueuedSynchronizer$SharedNode done
Event: 0.076 loading class java/util/concurrent/locks/AbstractQueuedSynchronizer$ExclusiveNode
Event: 0.076 loading class java/util/concurrent/locks/AbstractQueuedSynchronizer$ExclusiveNode done
Event: 0.090 loading class java/lang/AssertionError
Event: 0.090 loading class java/lang/AssertionError done
Event: 0.091 loading class java/lang/NoSuchFieldError
Event: 0.091 loading class java/lang/NoSuchFieldError done
Event: 0.099 Thread 0x000001497ff37b30 Thread added: 0x000001497ff37b30
Event: 0.631 Thread 0x000001497ff37b30 Thread exited: 0x000001497ff37b30


Dynamic libraries:
0x00007ff7af350000 - 0x00007ff7af360000 	C:\Program Files\Java\jdk-17.0.4.1\bin\java.exe
0x00007ff98c730000 - 0x00007ff98c928000 	C:\Windows\SYSTEM32\ntdll.dll
0x00007ff98a8a0000 - 0x00007ff98a95d000 	C:\Windows\System32\KERNEL32.DLL
0x00007ff98a060000 - 0x00007ff98a332000 	C:\Windows\System32\KERNELBASE.dll
0x00007ff98a410000 - 0x00007ff98a510000 	C:\Windows\System32\ucrtbase.dll
0x00007ff981f30000 - 0x00007ff981f4a000 	C:\Program Files\Java\jdk-17.0.4.1\bin\VCRUNTIME140.dll
0x00007ff981ef0000 - 0x00007ff981f08000 	C:\Program Files\Java\jdk-17.0.4.1\bin\jli.dll
0x00007ff98c590000 - 0x00007ff98c63e000 	C:\Windows\System32\ADVAPI32.dll
0x00007ff98b1d0000 - 0x00007ff98b26e000 	C:\Windows\System32\msvcrt.dll
0x00007ff98b8a0000 - 0x00007ff98b93c000 	C:\Windows\System32\sechost.dll
0x00007ff98bc20000 - 0x00007ff98bd45000 	C:\Windows\System32\RPCRT4.dll
0x00007ff98c270000 - 0x00007ff98c40d000 	C:\Windows\System32\USER32.dll
0x00007ff977090000 - 0x00007ff97732a000 	C:\Windows\WinSxS\amd64_microsoft.windows.common-controls_6595b64144ccf1df_6.0.19041.1110_none_60b5254171f9507e\COMCTL32.dll
0x00007ff989ed0000 - 0x00007ff989ef2000 	C:\Windows\System32\win32u.dll
0x00007ff98a790000 - 0x00007ff98a7bb000 	C:\Windows\System32\GDI32.dll
0x00007ff989f00000 - 0x00007ff98a00f000 	C:\Windows\System32\gdi32full.dll
0x00007ff98a340000 - 0x00007ff98a3dd000 	C:\Windows\System32\msvcp_win.dll
0x00007ff980ef0000 - 0x00007ff980efa000 	C:\Windows\SYSTEM32\VERSION.dll
0x00007ff98bd50000 - 0x00007ff98bd80000 	C:\Windows\System32\IMM32.DLL
0x00007ff981f50000 - 0x00007ff981f5c000 	C:\Program Files\Java\jdk-17.0.4.1\bin\vcruntime140_1.dll
0x00007ff9717f0000 - 0x00007ff97187d000 	C:\Program Files\Java\jdk-17.0.4.1\bin\msvcp140.dll
0x00007ff947490000 - 0x00007ff948052000 	C:\Program Files\Java\jdk-17.0.4.1\bin\server\jvm.dll
0x00007ff98c260000 - 0x00007ff98c268000 	C:\Windows\System32\PSAPI.DLL
0x00007ff97bff0000 - 0x00007ff97c017000 	C:\Windows\SYSTEM32\WINMM.dll
0x00007ff9876f0000 - 0x00007ff9876f9000 	C:\Windows\SYSTEM32\WSOCK32.dll
0x00007ff98c520000 - 0x00007ff98c58b000 	C:\Windows\System32\WS2_32.dll
0x00007ff987c00000 - 0x00007ff987c12000 	C:\Windows\SYSTEM32\kernel.appcore.dll
0x00007ff981e60000 - 0x00007ff981e6a000 	C:\Program Files\Java\jdk-17.0.4.1\bin\jimage.dll
0x00007ff976bb0000 - 0x00007ff976d94000 	C:\Windows\SYSTEM32\DBGHELP.DLL
0x00007ff976020000 - 0x00007ff97604c000 	C:\Windows\SYSTEM32\dbgcore.DLL
0x00007ff989e40000 - 0x00007ff989ec2000 	C:\Windows\System32\bcryptPrimitives.dll
0x00007ff9787d0000 - 0x00007ff9787f5000 	C:\Program Files\Java\jdk-17.0.4.1\bin\java.dll
0x00007ff974c90000 - 0x00007ff974d66000 	C:\Program Files\Java\jdk-17.0.4.1\bin\jsvml.dll
0x00007ff98aa20000 - 0x00007ff98b163000 	C:\Windows\System32\SHELL32.dll
0x00007ff987ee0000 - 0x00007ff988671000 	C:\Windows\SYSTEM32\windows.storage.dll
0x00007ff98bf00000 - 0x00007ff98c254000 	C:\Windows\System32\combase.dll
0x00007ff9896e0000 - 0x00007ff989710000 	C:\Windows\SYSTEM32\Wldp.dll
0x00007ff98c640000 - 0x00007ff98c6ed000 	C:\Windows\System32\SHCORE.dll
0x00007ff98b170000 - 0x00007ff98b1c5000 	C:\Windows\System32\shlwapi.dll
0x00007ff989d80000 - 0x00007ff989d9f000 	C:\Windows\SYSTEM32\profapi.dll
0x00007ff9781b0000 - 0x00007ff9781c9000 	C:\Program Files\Java\jdk-17.0.4.1\bin\net.dll
0x00007ff983380000 - 0x00007ff98348d000 	C:\Windows\SYSTEM32\WINHTTP.dll
0x00007ff9894c0000 - 0x00007ff98952a000 	C:\Windows\system32\mswsock.dll
0x00007ff9760c0000 - 0x00007ff9760d6000 	C:\Program Files\Java\jdk-17.0.4.1\bin\nio.dll

dbghelp: loaded successfully - version: 4.0.5 - missing functions: none
symbol engine: initialized successfully - sym options: 0x614 - pdb path: .;C:\Program Files\Java\jdk-17.0.4.1\bin;C:\Windows\SYSTEM32;C:\Windows\WinSxS\amd64_microsoft.windows.common-controls_6595b64144ccf1df_6.0.19041.1110_none_60b5254171f9507e;C:\Program Files\Java\jdk-17.0.4.1\bin\server

VM Arguments:
jvm_args: -Dfile.encoding=UTF-8 --module-path=C:\Users\admin\Desktop\genetica\build\classes 
java_command: meta_inicio.MetaheuristicasInicio config.txt config2.txt
java_class_path (initial): C:\Users\admin\Desktop\genetica\build\classes
Launcher Type: SUN_STANDARD

[Global flags]
     intx CICompilerCount                          = 4                                         {product} {ergonomic}
     uint ConcGCThreads                            = 3                                         {product} {ergonomic}
     uint G1ConcRefinementThreads                  = 10                                        {product} {ergonomic}
   size_t G1HeapRegionSize                         = 2097152                                   {product} {ergonomic}
    uintx GCDrainStackTargetSize                   = 64                                        {product} {ergonomic}
   size_t InitialHeapSize                          = 268435456                                 {product} {ergonomic}
   size_t MarkStackSize                            = 4194304                                   {product} {ergonomic}
   size_t MaxHeapSize                              = 4273995776                                {product} {ergonomic}
   size_t MaxNewSize                               = 2562719744                                {product} {ergonomic}
   size_t MinHeapDeltaBytes                        = 2097152                                   {product} {ergonomic}
   size_t MinHeapSize                              = 8388608                                   {product} {ergonomic}
    uintx NonNMethodCodeHeapSize                   = 5839372                                {pd product} {ergonomic}
    uintx NonProfiledCodeHeapSize                  = 122909434                              {pd product} {ergonomic}
    uintx ProfiledCodeHeapSize                     = 122909434                              {pd product} {ergonomic}
    uintx ReservedCodeCacheSize                    = 251658240                              {pd product} {ergonomic}
     bool SegmentedCodeCache                       = true                                      {product} {ergonomic}
   size_t SoftMaxHeapSize                          = 4273995776                             {manageable} {ergonomic}
     bool UseCompressedClassPointers               = true                           {product lp64_product} {ergonomic}
     bool UseCompressedOops                        = true                           {product lp64_product} {ergonomic}
     bool UseG1GC                                  = true                                      {product} {ergonomic}
     bool UseLargePagesIndividualAllocation        = false                                  {pd product} {ergonomic}

Logging:
Log output configuration:
 #0: stdout all=warning uptime,level,tags
 #1: stderr all=off uptime,level,tags

Environment Variables:
JAVA_HOME=C:\Program Files\Java\jdk1.8.0_241
PATH=C:\Program Files\Common Files\Oracle\Java\javapath;C:\Program Files (x86)\Common Files\Oracle\Java\javapath;C:\Windows\system32;C:\Windows;C:\Windows\System32\Wbem;C:\Windows\System32\WindowsPowerShell\v1.0\;C:\Windows\System32\OpenSSH\;C:\Program Files\Git\cmd;C:\Program Files\MATLAB\R2017b\bin;C:\Program Files\Docker\Docker\resources\bin;C:\Users\admin\AppData\Local\Microsoft\WindowsApps;;C:\Users\admin\AppData\Local\Programs\Microsoft VS Code\bin;C:\Users\admin\AppData\Local\JetBrains\Toolbox\scripts
USERNAME=admin
OS=Windows_NT
PROCESSOR_IDENTIFIER=Intel64 Family 6 Model 158 Stepping 10, GenuineIntel



---------------  S Y S T E M  ---------------

OS:
 Windows 10 , 64 bit Build 19041 (10.0.19041.1889)
OS uptime: 2 days 0:12 hours
Hyper-V role detected

CPU: total 12 (initial active 12) (6 cores per cpu, 2 threads per core) family 6 model 158 stepping 10 microcode 0xb4, cx8, cmov, fxsr, ht, mmx, 3dnowpref, sse, sse2, sse3, ssse3, sse4.1, sse4.2, popcnt, lzcnt, tsc, tscinvbit, avx, avx2, aes, erms, clmul, bmi1, bmi2, rtm, adx, fma, vzeroupper, clflush, clflushopt, hv

Memory: 4k page, system-wide physical 16303M (3350M free)
TotalPageFile size 16303M (AvailPageFile size 25M)
current process WorkingSet (physical memory assigned to process): 326M, peak: 326M
current process commit charge ("private bytes"): 391M, peak: 449M

vm_info: Java HotSpot(TM) 64-Bit Server VM (17.0.4.1+1-LTS-2) for windows-amd64 JRE (17.0.4.1+1-LTS-2), built on Aug 16 2022 18:32:06 by "mach5one" with MS VC++ 16.8 / 16.9 (VS2019)

END.
